{"/home/estudiantes/juan.ramirez105/Documentos/Calculator/app/calculator.js":{"path":"/home/estudiantes/juan.ramirez105/Documentos/Calculator/app/calculator.js","s":{"1":1,"2":1,"3":1,"4":1,"5":1,"6":1,"7":1,"8":2,"9":1,"10":1,"11":1},"b":{"1":[1,1]},"f":{"1":1,"2":1,"3":1,"4":2},"fnMap":{"1":{"name":"add","line":4,"loc":{"start":{"line":4,"column":1},"end":{"line":4,"column":20}}},"2":{"name":"minus","line":9,"loc":{"start":{"line":9,"column":1},"end":{"line":9,"column":22}}},"3":{"name":"multiply","line":14,"loc":{"start":{"line":14,"column":1},"end":{"line":14,"column":25}}},"4":{"name":"divide","line":19,"loc":{"start":{"line":19,"column":1},"end":{"line":19,"column":23}}}},"statementMap":{"1":{"start":{"line":4,"column":1},"end":{"line":6,"column":2}},"2":{"start":{"line":5,"column":3},"end":{"line":5,"column":16}},"3":{"start":{"line":9,"column":1},"end":{"line":11,"column":2}},"4":{"start":{"line":10,"column":3},"end":{"line":10,"column":16}},"5":{"start":{"line":14,"column":1},"end":{"line":16,"column":2}},"6":{"start":{"line":15,"column":3},"end":{"line":15,"column":16}},"7":{"start":{"line":19,"column":1},"end":{"line":27,"column":2}},"8":{"start":{"line":22,"column":3},"end":{"line":26,"column":4}},"9":{"start":{"line":23,"column":5},"end":{"line":23,"column":46}},"10":{"start":{"line":25,"column":5},"end":{"line":25,"column":18}},"11":{"start":{"line":30,"column":0},"end":{"line":35,"column":2}}},"branchMap":{"1":{"line":22,"type":"if","locations":[{"start":{"line":22,"column":3},"end":{"line":22,"column":3}},{"start":{"line":22,"column":3},"end":{"line":22,"column":3}}]}}}}